<?xml version="1.0" encoding="UTF-8"?>
<testng-results skipped="0" failed="0" ignored="0" total="1" passed="1">
  <reporter-output>
  </reporter-output>
  <suite name="Surefire suite" duration-ms="379" started-at="2021-05-14T12:23:17Z" finished-at="2021-05-14T12:23:17Z">
    <groups>
    </groups>
    <test name="Surefire test" duration-ms="379" started-at="2021-05-14T12:23:17Z" finished-at="2021-05-14T12:23:17Z">
      <class name="com.qa.Selenium.AppTest">
        <test-method status="PASS" signature="testApp()" name="testApp" duration-ms="43" started-at="2021-05-14T12:23:17Z" finished-at="2021-05-14T12:23:17Z">
          <reporter-output>
          </reporter-output>
        </test-method> <!-- testApp -->
      </class> <!-- com.qa.Selenium.AppTest -->
    </test> <!-- Surefire test -->
  </suite> <!-- Surefire suite -->
</testng-results>
